<?xml version="1.0" encoding="UTF-8"?>
<!-- Generated by org.testng.reporters.JUnitXMLReporter -->
<testsuite ignored="0" hostname="LTIN520817" failures="0" tests="6" name="edgeTest" time="132.866" errors="0" timestamp="2024-05-12T09:35:47 IST">
  <testcase classname="IdentifyCourses.IdentifyCoursesTest" name="search" time="12.717"/>
  <testcase classname="IdentifyCourses.IdentifyCoursesTest" name="searchResults" time="10.634"/>
  <testcase classname="IdentifyCourses.IdentifyCoursesTest" name="languages" time="29.68"/>
  <testcase classname="IdentifyCourses.IdentifyCoursesTest" name="levels" time="16.892"/>
  <testcase classname="IdentifyCourses.IdentifyCoursesTest" name="campus" time="30.992"/>
  <testcase classname="IdentifyCourses.IdentifyCoursesTest" name="formFill" time="19.681"/>
</testsuite> <!-- edgeTest -->
