<?xml version="1.0" encoding="UTF-8"?>
<!-- Generated by org.testng.reporters.JUnitXMLReporter -->
<testsuite ignored="0" hostname="LTIN520817" failures="0" tests="7" name="Test" time="87.132" errors="0" timestamp="2024-05-05T14:23:23 IST">
  <testcase classname="IdentifyCourses.IdentifyCoursesTest" name="search" time="10.939"/>
  <testcase classname="IdentifyCourses.IdentifyCoursesTest" name="searchResults" time="12.46"/>
  <testcase classname="IdentifyCourses.IdentifyCoursesTest" name="deSelect" time="0.409"/>
  <testcase classname="IdentifyCourses.IdentifyCoursesTest" name="languages" time="7.3"/>
  <testcase classname="IdentifyCourses.IdentifyCoursesTest" name="levels" time="6.368"/>
  <testcase classname="IdentifyCourses.IdentifyCoursesTest" name="campus" time="19.279"/>
  <testcase classname="IdentifyCourses.IdentifyCoursesTest" name="formFill" time="10.251"/>
</testsuite> <!-- Test -->
