<?xml version="1.0" encoding="UTF-8"?>
<!-- Generated by org.testng.reporters.JUnitReportReporter -->
<testsuite hostname="LTIN520817" failures="0" tests="7" name="IdentifyCourses.IdentifyCoursesMain" time="125.745" errors="0" timestamp="2024-05-03T17:22:35 IST" skipped="0">
  <testcase classname="IdentifyCourses.IdentifyCoursesMain" name="search" time="24.570"/>
  <system-out/>
  <testcase classname="IdentifyCourses.IdentifyCoursesMain" name="searchResults" time="9.204"/>
  <system-out/>
  <testcase classname="IdentifyCourses.IdentifyCoursesMain" name="deSelect" time="0.256"/>
  <system-out/>
  <testcase classname="IdentifyCourses.IdentifyCoursesMain" name="languages" time="26.534"/>
  <system-out/>
  <testcase classname="IdentifyCourses.IdentifyCoursesMain" name="levels" time="3.087"/>
  <system-out/>
  <testcase classname="IdentifyCourses.IdentifyCoursesMain" name="campus" time="57.424"/>
  <system-out/>
  <testcase classname="IdentifyCourses.IdentifyCoursesMain" name="formFill" time="4.670"/>
  <system-out/>
</testsuite> <!-- IdentifyCourses.IdentifyCoursesMain -->
